Started GET "/movies" for 127.0.0.1 at 2021-08-14 20:56:13 +0700
  [1m[35m (2.9ms)[0m  [1m[34mSELECT sqlite_version(*)[0m
  
ActionController::RoutingError (No route matches [GET] "/movies"):
  
  [1m[35m (14.4ms)[0m  [1m[34mSELECT sqlite_version(*)[0m
  [1m[35m (6.6ms)[0m  [1m[35mCREATE TABLE "schema_migrations" ("version" varchar NOT NULL PRIMARY KEY)[0m
  [1m[35m (4.8ms)[0m  [1m[35mCREATE TABLE "ar_internal_metadata" ("key" varchar NOT NULL PRIMARY KEY, "value" varchar, "created_at" datetime(6) NOT NULL, "updated_at" datetime(6) NOT NULL)[0m
  [1m[35m (0.2ms)[0m  [1m[34mSELECT "schema_migrations"."version" FROM "schema_migrations" ORDER BY "schema_migrations"."version" ASC[0m
Migrating to CreateMovies (20210814135903)
  [1m[36mTRANSACTION (0.1ms)[0m  [1m[36mbegin transaction[0m
  [1m[35m (1.9ms)[0m  [1m[35mCREATE TABLE "movies" ("id" integer PRIMARY KEY AUTOINCREMENT NOT NULL, "title" varchar, "rating" varchar, "description" text, "release_date" datetime, "created_at" datetime(6) NOT NULL, "updated_at" datetime(6) NOT NULL)[0m
  [1m[36mActiveRecord::SchemaMigration Create (2.1ms)[0m  [1m[32mINSERT INTO "schema_migrations" ("version") VALUES (?)[0m  [["version", "20210814135903"]]
  [1m[36mTRANSACTION (4.4ms)[0m  [1m[36mcommit transaction[0m
  [1m[36mActiveRecord::InternalMetadata Load (0.3ms)[0m  [1m[34mSELECT "ar_internal_metadata".* FROM "ar_internal_metadata" WHERE "ar_internal_metadata"."key" = ? LIMIT ?[0m  [["key", "environment"], ["LIMIT", 1]]
  [1m[36mTRANSACTION (0.1ms)[0m  [1m[36mbegin transaction[0m
  [1m[36mActiveRecord::InternalMetadata Create (0.4ms)[0m  [1m[32mINSERT INTO "ar_internal_metadata" ("key", "value", "created_at", "updated_at") VALUES (?, ?, ?, ?)[0m  [["key", "environment"], ["value", "development"], ["created_at", "2021-08-14 13:59:52.437969"], ["updated_at", "2021-08-14 13:59:52.437969"]]
  [1m[36mTRANSACTION (2.0ms)[0m  [1m[36mcommit transaction[0m
  [1m[35m (0.1ms)[0m  [1m[34mSELECT sqlite_version(*)[0m
  [1m[35m (0.1ms)[0m  [1m[34mSELECT "schema_migrations"."version" FROM "schema_migrations" ORDER BY "schema_migrations"."version" ASC[0m
  [1m[35m (0.6ms)[0m  [1m[34mSELECT sqlite_version(*)[0m
  [1m[35m (0.2ms)[0m  [1m[34mSELECT "schema_migrations"."version" FROM "schema_migrations" ORDER BY "schema_migrations"."version" ASC[0m
  [1m[35m (0.2ms)[0m  [1m[34mSELECT "schema_migrations"."version" FROM "schema_migrations" ORDER BY "schema_migrations"."version" ASC[0m
  [1m[35m (0.1ms)[0m  [1m[34mSELECT "schema_migrations"."version" FROM "schema_migrations" ORDER BY "schema_migrations"."version" ASC[0m
  [1m[35m (0.1ms)[0m  [1m[34mSELECT "schema_migrations"."version" FROM "schema_migrations" ORDER BY "schema_migrations"."version" ASC[0m
Migrating to CreateMovies (20210814135903)
  [1m[36mTRANSACTION (0.1ms)[0m  [1m[36mbegin transaction[0m
  [1m[35m (3.0ms)[0m  [1m[35mDROP TABLE "movies"[0m
  [1m[36mActiveRecord::SchemaMigration Destroy (2.4ms)[0m  [1m[31mDELETE FROM "schema_migrations" WHERE "schema_migrations"."version" = ?[0m  [["version", "20210814135903"]]
  [1m[36mTRANSACTION (4.0ms)[0m  [1m[36mcommit transaction[0m
  [1m[35m (0.1ms)[0m  [1m[34mSELECT sqlite_version(*)[0m
  [1m[35m (0.1ms)[0m  [1m[34mSELECT "schema_migrations"."version" FROM "schema_migrations" ORDER BY "schema_migrations"."version" ASC[0m
  [1m[35m (0.5ms)[0m  [1m[34mSELECT sqlite_version(*)[0m
  [1m[35m (0.3ms)[0m  [1m[34mSELECT "schema_migrations"."version" FROM "schema_migrations" ORDER BY "schema_migrations"."version" ASC[0m
Migrating to CreateMovies (20210814135903)
  [1m[36mTRANSACTION (0.3ms)[0m  [1m[36mbegin transaction[0m
  [1m[35m (5.4ms)[0m  [1m[35mCREATE TABLE "movies" ("id" integer PRIMARY KEY AUTOINCREMENT NOT NULL, "title" varchar, "rating" varchar, "description" text, "release_date" datetime, "created_at" datetime(6) NOT NULL, "updated_at" datetime(6) NOT NULL)[0m
  [1m[36mActiveRecord::SchemaMigration Create (18.8ms)[0m  [1m[32mINSERT INTO "schema_migrations" ("version") VALUES (?)[0m  [["version", "20210814135903"]]
  [1m[36mTRANSACTION (3.8ms)[0m  [1m[36mcommit transaction[0m
  [1m[36mActiveRecord::InternalMetadata Load (0.3ms)[0m  [1m[34mSELECT "ar_internal_metadata".* FROM "ar_internal_metadata" WHERE "ar_internal_metadata"."key" = ? LIMIT ?[0m  [["key", "environment"], ["LIMIT", 1]]
  [1m[35m (0.1ms)[0m  [1m[34mSELECT sqlite_version(*)[0m
  [1m[35m (0.1ms)[0m  [1m[34mSELECT "schema_migrations"."version" FROM "schema_migrations" ORDER BY "schema_migrations"."version" ASC[0m
  [1m[35m (0.9ms)[0m  [1m[34mSELECT sqlite_version(*)[0m
  [1m[36mMovie Load (0.2ms)[0m  [1m[34mSELECT "movies".* FROM "movies"[0m
  [1m[35m (0.7ms)[0m  [1m[34mSELECT sqlite_version(*)[0m
  [1m[35m (0.2ms)[0m  [1m[34mSELECT "schema_migrations"."version" FROM "schema_migrations" ORDER BY "schema_migrations"."version" ASC[0m
  [1m[35m (0.6ms)[0m  [1m[34mSELECT sqlite_version(*)[0m
  [1m[35m (0.2ms)[0m  [1m[34mSELECT "schema_migrations"."version" FROM "schema_migrations" ORDER BY "schema_migrations"."version" ASC[0m
  [1m[35m (0.1ms)[0m  [1m[34mSELECT sqlite_version(*)[0m
  [1m[36mTRANSACTION (0.1ms)[0m  [1m[36mbegin transaction[0m
  [1m[36mMovie Create (0.4ms)[0m  [1m[32mINSERT INTO "movies" ("created_at", "updated_at") VALUES (?, ?)[0m  [["created_at", "2021-08-14 14:02:29.953082"], ["updated_at", "2021-08-14 14:02:29.953082"]]
  [1m[36mTRANSACTION (2.0ms)[0m  [1m[36mcommit transaction[0m
  [1m[36mTRANSACTION (0.1ms)[0m  [1m[36mbegin transaction[0m
  [1m[36mMovie Create (0.4ms)[0m  [1m[32mINSERT INTO "movies" ("created_at", "updated_at") VALUES (?, ?)[0m  [["created_at", "2021-08-14 14:02:29.960928"], ["updated_at", "2021-08-14 14:02:29.960928"]]
  [1m[36mTRANSACTION (1.3ms)[0m  [1m[36mcommit transaction[0m
  [1m[36mTRANSACTION (0.1ms)[0m  [1m[36mbegin transaction[0m
  [1m[36mMovie Create (0.5ms)[0m  [1m[32mINSERT INTO "movies" ("created_at", "updated_at") VALUES (?, ?)[0m  [["created_at", "2021-08-14 14:02:29.968128"], ["updated_at", "2021-08-14 14:02:29.968128"]]
  [1m[36mTRANSACTION (1.4ms)[0m  [1m[36mcommit transaction[0m
  [1m[36mTRANSACTION (0.1ms)[0m  [1m[36mbegin transaction[0m
  [1m[36mMovie Create (0.4ms)[0m  [1m[32mINSERT INTO "movies" ("created_at", "updated_at") VALUES (?, ?)[0m  [["created_at", "2021-08-14 14:02:29.974910"], ["updated_at", "2021-08-14 14:02:29.974910"]]
  [1m[36mTRANSACTION (1.4ms)[0m  [1m[36mcommit transaction[0m
  [1m[36mMovie Load (0.2ms)[0m  [1m[34mSELECT "movies".* FROM "movies"[0m
  [1m[35m (0.6ms)[0m  [1m[34mSELECT sqlite_version(*)[0m
  [1m[35m (0.3ms)[0m  [1m[34mSELECT "schema_migrations"."version" FROM "schema_migrations" ORDER BY "schema_migrations"."version" ASC[0m
  [1m[35m (0.1ms)[0m  [1m[34mSELECT sqlite_version(*)[0m
  [1m[36mTRANSACTION (0.1ms)[0m  [1m[36mbegin transaction[0m
  [1m[36mMovie Create (2.8ms)[0m  [1m[32mINSERT INTO "movies" ("created_at", "updated_at") VALUES (?, ?)[0m  [["created_at", "2021-08-14 14:04:25.219511"], ["updated_at", "2021-08-14 14:04:25.219511"]]
  [1m[36mTRANSACTION (4.9ms)[0m  [1m[36mcommit transaction[0m
  [1m[36mTRANSACTION (0.1ms)[0m  [1m[36mbegin transaction[0m
  [1m[36mMovie Create (2.8ms)[0m  [1m[32mINSERT INTO "movies" ("created_at", "updated_at") VALUES (?, ?)[0m  [["created_at", "2021-08-14 14:04:25.232617"], ["updated_at", "2021-08-14 14:04:25.232617"]]
  [1m[36mTRANSACTION (4.7ms)[0m  [1m[36mcommit transaction[0m
  [1m[36mTRANSACTION (0.1ms)[0m  [1m[36mbegin transaction[0m
  [1m[36mMovie Create (2.9ms)[0m  [1m[32mINSERT INTO "movies" ("created_at", "updated_at") VALUES (?, ?)[0m  [["created_at", "2021-08-14 14:04:25.245349"], ["updated_at", "2021-08-14 14:04:25.245349"]]
  [1m[36mTRANSACTION (4.5ms)[0m  [1m[36mcommit transaction[0m
  [1m[36mTRANSACTION (0.1ms)[0m  [1m[36mbegin transaction[0m
  [1m[36mMovie Create (2.9ms)[0m  [1m[32mINSERT INTO "movies" ("created_at", "updated_at") VALUES (?, ?)[0m  [["created_at", "2021-08-14 14:04:25.258067"], ["updated_at", "2021-08-14 14:04:25.258067"]]
  [1m[36mTRANSACTION (5.0ms)[0m  [1m[36mcommit transaction[0m
  [1m[36mMovie Load (0.2ms)[0m  [1m[34mSELECT "movies".* FROM "movies"[0m
Started GET "/movies" for 127.0.0.1 at 2021-08-14 21:15:41 +0700
  [1m[35m (0.5ms)[0m  [1m[34mSELECT sqlite_version(*)[0m
  [1m[35m (0.6ms)[0m  [1m[34mSELECT "schema_migrations"."version" FROM "schema_migrations" ORDER BY "schema_migrations"."version" ASC[0m
Processing by MoviesController#index as HTML
  Rendering layout layouts/application.html.haml
  Rendering movies/index.html.haml within layouts/application
  [1m[36mMovie Load (0.3ms)[0m  [1m[34mSELECT "movies".* FROM "movies"[0m
  ↳ app/views/movies/index.html.haml:11
  Rendered movies/index.html.haml within layouts/application (Duration: 16.8ms | Allocations: 10439)
[Webpacker] Compiling...
[Webpacker] Compiled all packs in /home/mints/Documents/myrottenpotatoes/public/packs
[Webpacker] Though the "loose" option was set to "false" in your @babel/preset-env config, it will not be used for @babel/plugin-proposal-private-property-in-object since the "loose" mode option was set to "true" for @babel/plugin-proposal-class-properties.
The "loose" option must be the same for @babel/plugin-proposal-class-properties, @babel/plugin-proposal-private-methods and @babel/plugin-proposal-private-property-in-object (when they are enabled): you can silence this warning by explicitly adding
	["@babel/plugin-proposal-private-property-in-object", { "loose": true }]
to the "plugins" section of your Babel config.
Though the "loose" option was set to "false" in your @babel/preset-env config, it will not be used for @babel/plugin-proposal-private-methods since the "loose" mode option was set to "true" for @babel/plugin-proposal-private-property-in-object.
The "loose" option must be the same for @babel/plugin-proposal-class-properties, @babel/plugin-proposal-private-methods and @babel/plugin-proposal-private-property-in-object (when they are enabled): you can silence this warning by explicitly adding
	["@babel/plugin-proposal-private-methods", { "loose": true }]
to the "plugins" section of your Babel config.
Though the "loose" option was set to "false" in your @babel/preset-env config, it will not be used for @babel/plugin-proposal-private-property-in-object since the "loose" mode option was set to "true" for @babel/plugin-proposal-class-properties.
The "loose" option must be the same for @babel/plugin-proposal-class-properties, @babel/plugin-proposal-private-methods and @babel/plugin-proposal-private-property-in-object (when they are enabled): you can silence this warning by explicitly adding
	["@babel/plugin-proposal-private-property-in-object", { "loose": true }]
to the "plugins" section of your Babel config.
Though the "loose" option was set to "false" in your @babel/preset-env config, it will not be used for @babel/plugin-proposal-private-methods since the "loose" mode option was set to "true" for @babel/plugin-proposal-private-property-in-object.
The "loose" option must be the same for @babel/plugin-proposal-class-properties, @babel/plugin-proposal-private-methods and @babel/plugin-proposal-private-property-in-object (when they are enabled): you can silence this warning by explicitly adding
	["@babel/plugin-proposal-private-methods", { "loose": true }]
to the "plugins" section of your Babel config.
Though the "loose" option was set to "false" in your @babel/preset-env config, it will not be used for @babel/plugin-proposal-private-property-in-object since the "loose" mode option was set to "true" for @babel/plugin-proposal-class-properties.
The "loose" option must be the same for @babel/plugin-proposal-class-properties, @babel/plugin-proposal-private-methods and @babel/plugin-proposal-private-property-in-object (when they are enabled): you can silence this warning by explicitly adding
	["@babel/plugin-proposal-private-property-in-object", { "loose": true }]
to the "plugins" section of your Babel config.
Though the "loose" option was set to "false" in your @babel/preset-env config, it will not be used for @babel/plugin-proposal-private-methods since the "loose" mode option was set to "true" for @babel/plugin-proposal-private-property-in-object.
The "loose" option must be the same for @babel/plugin-proposal-class-properties, @babel/plugin-proposal-private-methods and @babel/plugin-proposal-private-property-in-object (when they are enabled): you can silence this warning by explicitly adding
	["@babel/plugin-proposal-private-methods", { "loose": true }]
to the "plugins" section of your Babel config.
Though the "loose" option was set to "false" in your @babel/preset-env config, it will not be used for @babel/plugin-proposal-private-property-in-object since the "loose" mode option was set to "true" for @babel/plugin-proposal-class-properties.
The "loose" option must be the same for @babel/plugin-proposal-class-properties, @babel/plugin-proposal-private-methods and @babel/plugin-proposal-private-property-in-object (when they are enabled): you can silence this warning by explicitly adding
	["@babel/plugin-proposal-private-property-in-object", { "loose": true }]
to the "plugins" section of your Babel config.
Though the "loose" option was set to "false" in your @babel/preset-env config, it will not be used for @babel/plugin-proposal-private-methods since the "loose" mode option was set to "true" for @babel/plugin-proposal-private-property-in-object.
The "loose" option must be the same for @babel/plugin-proposal-class-properties, @babel/plugin-proposal-private-methods and @babel/plugin-proposal-private-property-in-object (when they are enabled): you can silence this warning by explicitly adding
	["@babel/plugin-proposal-private-methods", { "loose": true }]
to the "plugins" section of your Babel config.
Though the "loose" option was set to "false" in your @babel/preset-env config, it will not be used for @babel/plugin-proposal-private-property-in-object since the "loose" mode option was set to "true" for @babel/plugin-proposal-class-properties.
The "loose" option must be the same for @babel/plugin-proposal-class-properties, @babel/plugin-proposal-private-methods and @babel/plugin-proposal-private-property-in-object (when they are enabled): you can silence this warning by explicitly adding
	["@babel/plugin-proposal-private-property-in-object", { "loose": true }]
to the "plugins" section of your Babel config.
Though the "loose" option was set to "false" in your @babel/preset-env config, it will not be used for @babel/plugin-proposal-private-methods since the "loose" mode option was set to "true" for @babel/plugin-proposal-private-property-in-object.
The "loose" option must be the same for @babel/plugin-proposal-class-properties, @babel/plugin-proposal-private-methods and @babel/plugin-proposal-private-property-in-object (when they are enabled): you can silence this warning by explicitly adding
	["@babel/plugin-proposal-private-methods", { "loose": true }]
to the "plugins" section of your Babel config.
Though the "loose" option was set to "false" in your @babel/preset-env config, it will not be used for @babel/plugin-proposal-private-property-in-object since the "loose" mode option was set to "true" for @babel/plugin-proposal-class-properties.
The "loose" option must be the same for @babel/plugin-proposal-class-properties, @babel/plugin-proposal-private-methods and @babel/plugin-proposal-private-property-in-object (when they are enabled): you can silence this warning by explicitly adding
	["@babel/plugin-proposal-private-property-in-object", { "loose": true }]
to the "plugins" section of your Babel config.
Though the "loose" option was set to "false" in your @babel/preset-env config, it will not be used for @babel/plugin-proposal-private-methods since the "loose" mode option was set to "true" for @babel/plugin-proposal-private-property-in-object.
The "loose" option must be the same for @babel/plugin-proposal-class-properties, @babel/plugin-proposal-private-methods and @babel/plugin-proposal-private-property-in-object (when they are enabled): you can silence this warning by explicitly adding
	["@babel/plugin-proposal-private-methods", { "loose": true }]
to the "plugins" section of your Babel config.

[Webpacker] Hash: e2a8a876c5815bee1e21
Version: webpack 4.46.0
Time: 2140ms
Built at: 08/14/2021 9:15:44 PM
                                     Asset       Size       Chunks                         Chunk Names
    js/application-e421b4aa3f716bebdab1.js    125 KiB  application  [emitted] [immutable]  application
js/application-e421b4aa3f716bebdab1.js.map    139 KiB  application  [emitted] [dev]        application
                             manifest.json  364 bytes               [emitted]              
Entrypoint application = js/application-e421b4aa3f716bebdab1.js js/application-e421b4aa3f716bebdab1.js.map
[./app/javascript/channels sync recursive _channel\.js$] ./app/javascript/channels sync _channel\.js$ 160 bytes {application} [built]
[./app/javascript/channels/index.js] 211 bytes {application} [built]
[./app/javascript/packs/application.js] 492 bytes {application} [built]
[./node_modules/webpack/buildin/module.js] (webpack)/buildin/module.js 552 bytes {application} [built]
    + 3 hidden modules

  Rendered layout layouts/application.html.haml (Duration: 3754.3ms | Allocations: 24060)
Completed 200 OK in 3772ms (Views: 3757.0ms | ActiveRecord: 0.8ms | Allocations: 28531)


Started GET "/" for 127.0.0.1 at 2021-08-14 21:26:11 +0700
  [1m[35m (1.5ms)[0m  [1m[34mSELECT sqlite_version(*)[0m
  [1m[35m (0.3ms)[0m  [1m[34mSELECT "schema_migrations"."version" FROM "schema_migrations" ORDER BY "schema_migrations"."version" ASC[0m
Started GET "/movies" for 127.0.0.1 at 2021-08-14 21:26:11 +0700
Processing by MoviesController#index as HTML
Completed 500 Internal Server Error in 21ms (ActiveRecord: 0.0ms | Allocations: 5966)


  
NoMethodError (undefined method `attr_accessible' for Movie:Class
Did you mean?  attr_accessor):
  
app/models/movie.rb:2:in `<class:Movie>'
app/models/movie.rb:1:in `<main>'
app/controllers/movies_controller.rb:4:in `index'
Started GET "/movies" for 127.0.0.1 at 2021-08-14 21:30:37 +0700
Processing by MoviesController#index as HTML
  Rendering layout layouts/application.html.haml
  Rendering movies/index.html.haml within layouts/application
  [1m[35m (0.1ms)[0m  [1m[34mSELECT sqlite_version(*)[0m
  ↳ app/views/movies/index.html.haml:11
  [1m[36mMovie Load (0.8ms)[0m  [1m[34mSELECT "movies".* FROM "movies"[0m
  ↳ app/views/movies/index.html.haml:11
  Rendered movies/index.html.haml within layouts/application (Duration: 16.5ms | Allocations: 11102)
[Webpacker] Everything's up-to-date. Nothing to do
  Rendered layout layouts/application.html.haml (Duration: 47.7ms | Allocations: 18831)
Completed 200 OK in 53ms (Views: 51.0ms | ActiveRecord: 1.8ms | Allocations: 20907)


Started GET "/movies" for 127.0.0.1 at 2021-08-14 21:30:38 +0700
Processing by MoviesController#index as HTML
  Rendering layout layouts/application.html.haml
  Rendering movies/index.html.haml within layouts/application
  [1m[36mMovie Load (0.2ms)[0m  [1m[34mSELECT "movies".* FROM "movies"[0m
  ↳ app/views/movies/index.html.haml:11
  Rendered movies/index.html.haml within layouts/application (Duration: 4.5ms | Allocations: 1227)
[Webpacker] Everything's up-to-date. Nothing to do
  Rendered layout layouts/application.html.haml (Duration: 8.9ms | Allocations: 4172)
Completed 200 OK in 12ms (Views: 10.2ms | ActiveRecord: 0.2ms | Allocations: 4775)


  [1m[35m (0.4ms)[0m  [1m[34mSELECT sqlite_version(*)[0m
  [1m[36mTRANSACTION (0.1ms)[0m  [1m[36mbegin transaction[0m
  [1m[36mMovie Create (0.7ms)[0m  [1m[32mINSERT INTO "movies" ("title", "rating", "release_date", "created_at", "updated_at") VALUES (?, ?, ?, ?, ?)[0m  [["title", "Star Wars"], ["rating", "PG"], ["release_date", "1977-04-25 00:00:00"], ["created_at", "2021-08-14 14:31:24.251417"], ["updated_at", "2021-08-14 14:31:24.251417"]]
  [1m[36mTRANSACTION (1.1ms)[0m  [1m[36mcommit transaction[0m
  [1m[36mMovie Load (0.3ms)[0m  [1m[34mSELECT "movies".* FROM "movies"[0m
  [1m[36mMovie Destroy (1.7ms)[0m  [1m[31mDELETE FROM "movies" WHERE "movies"."id" = ?[0m  [["id", 1]]
  [1m[36mMovie Destroy (1.8ms)[0m  [1m[31mDELETE FROM "movies" WHERE "movies"."id" = ?[0m  [["id", 2]]
  [1m[36mMovie Destroy (5.0ms)[0m  [1m[31mDELETE FROM "movies" WHERE "movies"."id" = ?[0m  [["id", 3]]
  [1m[36mMovie Destroy (8.3ms)[0m  [1m[31mDELETE FROM "movies" WHERE "movies"."id" = ?[0m  [["id", 4]]
  [1m[36mMovie Destroy (6.4ms)[0m  [1m[31mDELETE FROM "movies" WHERE "movies"."id" = ?[0m  [["id", 5]]
  [1m[36mMovie Destroy (6.6ms)[0m  [1m[31mDELETE FROM "movies" WHERE "movies"."id" = ?[0m  [["id", 6]]
  [1m[36mMovie Destroy (1.8ms)[0m  [1m[31mDELETE FROM "movies" WHERE "movies"."id" = ?[0m  [["id", 7]]
  [1m[36mMovie Destroy (1.5ms)[0m  [1m[31mDELETE FROM "movies" WHERE "movies"."id" = ?[0m  [["id", 8]]
  [1m[36mMovie Load (0.8ms)[0m  [1m[34mSELECT "movies".* FROM "movies"[0m
  [1m[36mTRANSACTION (0.1ms)[0m  [1m[36mbegin transaction[0m
  [1m[36mMovie Create (0.5ms)[0m  [1m[32mINSERT INTO "movies" ("title", "rating", "release_date", "created_at", "updated_at") VALUES (?, ?, ?, ?, ?)[0m  [["title", "Requiem for a Dream"], ["rating", "R"], ["release_date", "2000-10-27 00:00:00"], ["created_at", "2021-08-14 14:32:46.190969"], ["updated_at", "2021-08-14 14:32:46.190969"]]
  [1m[36mTRANSACTION (1.7ms)[0m  [1m[36mcommit transaction[0m
  [1m[36mTRANSACTION (0.1ms)[0m  [1m[36mbegin transaction[0m
  [1m[36mMovie Create (0.3ms)[0m  [1m[32mINSERT INTO "movies" ("title", "rating", "release_date", "created_at", "updated_at") VALUES (?, ?, ?, ?, ?)[0m  [["title", "Field of Dreams"], ["rating", "PG"], ["release_date", "0089-04-21 00:00:00"], ["created_at", "2021-08-14 14:33:04.867045"], ["updated_at", "2021-08-14 14:33:04.867045"]]
  [1m[36mTRANSACTION (1.1ms)[0m  [1m[36mcommit transaction[0m
  [1m[36mMovie Load (0.6ms)[0m  [1m[34mSELECT "movies".* FROM "movies" WHERE (rating = 'PG')[0m
  [1m[36mMovie Load (0.2ms)[0m  [1m[34mSELECT "movies".* FROM "movies" WHERE (release_date < 'Jan 1, 2000' and rating = 'PG')[0m
  [1m[36mMovie Load (0.2ms)[0m  [1m[34mSELECT "movies".* FROM "movies" WHERE "movies"."id" = ? LIMIT ?[0m  [["id", 3], ["LIMIT", 1]]
  [1m[36mMovie Load (0.1ms)[0m  [1m[34mSELECT "movies".* FROM "movies" WHERE "movies"."id" = ? LIMIT ?[0m  [["id", 9], ["LIMIT", 1]]
Started GET "/movies" for 127.0.0.1 at 2021-08-14 21:34:21 +0700
  [1m[35m (1.2ms)[0m  [1m[34mSELECT sqlite_version(*)[0m
  [1m[35m (0.3ms)[0m  [1m[34mSELECT "schema_migrations"."version" FROM "schema_migrations" ORDER BY "schema_migrations"."version" ASC[0m
Processing by MoviesController#index as HTML
  Rendering layout layouts/application.html.haml
  Rendering movies/index.html.haml within layouts/application
  [1m[36mMovie Load (0.4ms)[0m  [1m[34mSELECT "movies".* FROM "movies"[0m
  ↳ app/views/movies/index.html.haml:11
  Rendered movies/index.html.haml within layouts/application (Duration: 34.0ms | Allocations: 10427)
[Webpacker] Everything's up-to-date. Nothing to do
  Rendered layout layouts/application.html.haml (Duration: 75.9ms | Allocations: 18152)
Completed 200 OK in 98ms (Views: 78.3ms | ActiveRecord: 3.9ms | Allocations: 22188)


Started GET "/movies/9" for 127.0.0.1 at 2021-08-14 21:34:25 +0700
Processing by MoviesController#show as HTML
  Parameters: {"id"=>"9"}
  [1m[36mMovie Load (4.0ms)[0m  [1m[34mSELECT "movies".* FROM "movies" WHERE "movies"."id" = ? LIMIT ?[0m  [["id", 9], ["LIMIT", 1]]
  ↳ app/controllers/movies_controller.rb:8:in `show'
  Rendering layout layouts/application.html.haml
  Rendering movies/show.html.haml within layouts/application
  Rendered movies/show.html.haml within layouts/application (Duration: 9.2ms | Allocations: 4073)
  Rendered layout layouts/application.html.haml (Duration: 9.7ms | Allocations: 4154)
Completed 500 Internal Server Error in 26ms (ActiveRecord: 4.0ms | Allocations: 6265)


  
ActionView::SyntaxErrorInTemplate (Encountered a syntax error while rendering template: check %h2 Details about #{@movie.title}
 
%ul#details
  %li
    Rating:
    = @movie.rating
  %li
    Released on:
    = @movie.release_date.strftime("%B %d, %Y")
 
%h3 Description:
 
%p#description= @movie.description
= link_to 'Edit info', edit_movie_path(@movie)
= link_to 'Back to movie list', movies_path
-# Our Edit link from previous example:
= link_to 'Edit info', edit_movie_path(@movie)
-# This Delete link will not really be a link, but a form:
= button_to 'Delete', movie_path(@movie), :method => :delete, :confirm => 'Are you sure you want to delete?’

):
1:    %h2 Details about #{@movie.title}
2:     
3:    %ul#details
4:      %li
5:        Rating:
6:        = @movie.rating
7:      %li
8:        Released on:
9:        = @movie.release_date.strftime("%B %d, %Y")
10:     
11:    %h3 Description:
12:     
13:    %p#description= @movie.description
14:    = link_to 'Edit info', edit_movie_path(@movie)
15:    = link_to 'Back to movie list', movies_path
16:    -# Our Edit link from previous example:
17:    = link_to 'Edit info', edit_movie_path(@movie)
18:    -# This Delete link will not really be a link, but a form:
19:    = button_to 'Delete', movie_path(@movie), :method => :delete, :confirm => 'Are you sure you want to delete?’
  
app/views/movies/show.html.haml:21: unterminated string meets end of file
app/views/movies/show.html.haml:21: syntax error, unexpected end-of-input, expecting ')'
app/views/movies/show.html.haml:21: unterminated string meets end of file
app/views/movies/show.html.haml:21: syntax error, unexpected end-of-input, expecting ')'
app/views/movies/show.html.haml:21: unterminated string meets end of file
app/views/movies/show.html.haml:21: syntax error, unexpected end-of-input, expecting ')'
app/views/movies/show.html.haml:21: unterminated string meets end of file
app/views/movies/show.html.haml:21: syntax error, unexpected end-of-input, expecting ')'
app/views/movies/show.html.haml:21: unterminated string meets end of file
app/views/movies/show.html.haml:21: syntax error, unexpected end-of-input, expecting ')'
app/views/movies/show.html.haml:21: unterminated string meets end of file
app/views/movies/show.html.haml:21: syntax error, unexpected end-of-input, expecting ')'
Started GET "/movies" for 127.0.0.1 at 2021-08-14 21:34:32 +0700
Processing by MoviesController#index as HTML
  Rendering layout layouts/application.html.haml
  Rendering movies/index.html.haml within layouts/application
  [1m[36mMovie Load (0.1ms)[0m  [1m[34mSELECT "movies".* FROM "movies"[0m
  ↳ app/views/movies/index.html.haml:11
  Rendered movies/index.html.haml within layouts/application (Duration: 4.3ms | Allocations: 1151)
[Webpacker] Everything's up-to-date. Nothing to do
  Rendered layout layouts/application.html.haml (Duration: 13.1ms | Allocations: 4101)
Completed 200 OK in 14ms (Views: 13.5ms | ActiveRecord: 0.1ms | Allocations: 4666)


Started GET "/movies/new" for 127.0.0.1 at 2021-08-14 21:34:33 +0700
Processing by MoviesController#new as HTML
  Rendering layout layouts/application.html.haml
  Rendering movies/new.html.haml within layouts/application
  Rendered movies/new.html.haml within layouts/application (Duration: 28.9ms | Allocations: 7593)
[Webpacker] Everything's up-to-date. Nothing to do
  Rendered layout layouts/application.html.haml (Duration: 33.0ms | Allocations: 10423)
Completed 200 OK in 35ms (Views: 33.8ms | ActiveRecord: 0.0ms | Allocations: 11125)


Started POST "/movies" for 127.0.0.1 at 2021-08-14 21:34:35 +0700
Processing by MoviesController#create as HTML
  Parameters: {"authenticity_token"=>"[FILTERED]", "movie"=>{"title"=>"g", "rating"=>"G", "release_date(1i)"=>"2021", "release_date(2i)"=>"8", "release_date(3i)"=>"14"}, "commit"=>"Save Changes"}
Completed 500 Internal Server Error in 1ms (ActiveRecord: 0.0ms | Allocations: 841)


  
ActiveModel::ForbiddenAttributesError (ActiveModel::ForbiddenAttributesError):
  
app/controllers/movies_controller.rb:15:in `create'
Started GET "/" for 127.0.0.1 at 2021-08-15 11:46:00 +0700
  [1m[35m (4.0ms)[0m  [1m[34mSELECT sqlite_version(*)[0m
  [1m[35m (0.3ms)[0m  [1m[34mSELECT "schema_migrations"."version" FROM "schema_migrations" ORDER BY "schema_migrations"."version" ASC[0m
Started GET "/movies" for 127.0.0.1 at 2021-08-15 11:46:01 +0700
Processing by MoviesController#index as HTML
  Rendering layout layouts/application.html.haml
  Rendering movies/index.html.haml within layouts/application
  [1m[36mMovie Load (1.0ms)[0m  [1m[34mSELECT "movies".* FROM "movies"[0m
  ↳ app/views/movies/index.html.haml:11
  Rendered movies/index.html.haml within layouts/application (Duration: 24.9ms | Allocations: 10412)
  Rendered layout layouts/application.html.haml (Duration: 67.4ms | Allocations: 12697)
Completed 500 Internal Server Error in 100ms (ActiveRecord: 3.4ms | Allocations: 16575)


  
ActionView::Template::Error (Inconsistent indentation: "   \t " used for indentation, but the rest of the document was indented using 1 tab.):
     7: 		= csrf_meta_tags
     8:      
     9: 	%body
    10:    	 %h1.title Rotten Potatoes!
    11:    	 #main
    12:     	  - if flash[:notice]
    13:      	   #notice.message= flash[:notice]
  
app/views/layouts/application.html.haml:10
Started GET "/movies" for 127.0.0.1 at 2021-08-15 11:47:09 +0700
Processing by MoviesController#index as HTML
  Rendering layout layouts/application.html.haml
  Rendering movies/index.html.haml within layouts/application
  [1m[36mMovie Load (0.2ms)[0m  [1m[34mSELECT "movies".* FROM "movies"[0m
  ↳ app/views/movies/index.html.haml:11
  Rendered movies/index.html.haml within layouts/application (Duration: 10.3ms | Allocations: 4157)
  Rendered layout layouts/application.html.haml (Duration: 17.5ms | Allocations: 6047)
Completed 500 Internal Server Error in 25ms (ActiveRecord: 0.2ms | Allocations: 7348)


  
ActionView::Template::Error (Inconsistent indentation: "   \t " used for indentation, but the rest of the document was indented using 1 tab.):
     7: 		= csrf_meta_tags
     8:      
     9: 	%body
    10:    	 %h1 Rotten Potatoes!
    11:    	 #main
    12:     	  - if flash[:notice]
    13:      	   #notice.message= flash[:notice]
  
app/views/layouts/application.html.haml:10
Started GET "/movies" for 127.0.0.1 at 2021-08-15 11:47:11 +0700
Processing by MoviesController#index as HTML
  Rendering layout layouts/application.html.haml
  Rendering movies/index.html.haml within layouts/application
  [1m[36mMovie Load (0.2ms)[0m  [1m[34mSELECT "movies".* FROM "movies"[0m
  ↳ app/views/movies/index.html.haml:11
  Rendered movies/index.html.haml within layouts/application (Duration: 4.7ms | Allocations: 1151)
  Rendered layout layouts/application.html.haml (Duration: 11.8ms | Allocations: 3134)
Completed 500 Internal Server Error in 14ms (ActiveRecord: 0.2ms | Allocations: 3573)


  
ActionView::Template::Error (Inconsistent indentation: "   \t " used for indentation, but the rest of the document was indented using 1 tab.):
     7: 		= csrf_meta_tags
     8:      
     9: 	%body
    10:    	 %h1 Rotten Potatoes!
    11:    	 #main
    12:     	  - if flash[:notice]
    13:      	   #notice.message= flash[:notice]
  
app/views/layouts/application.html.haml:10
Started GET "/movies" for 127.0.0.1 at 2021-08-15 11:47:25 +0700
Processing by MoviesController#index as HTML
  Rendering layout layouts/application.html.haml
  Rendering movies/index.html.haml within layouts/application
  [1m[36mMovie Load (0.2ms)[0m  [1m[34mSELECT "movies".* FROM "movies"[0m
  ↳ app/views/movies/index.html.haml:11
  Rendered movies/index.html.haml within layouts/application (Duration: 13.3ms | Allocations: 4148)
  Rendered layout layouts/application.html.haml (Duration: 18.9ms | Allocations: 6038)
Completed 500 Internal Server Error in 28ms (ActiveRecord: 0.2ms | Allocations: 7320)


  
ActionView::Template::Error (Inconsistent indentation: "   \t " used for indentation, but the rest of the document was indented using 1 tab.):
     8:      
     9: 	%body
    10: 
    11:    	 #main
    12:     	  - if flash[:notice]
    13:      	   #notice.message= flash[:notice]
    14:     	  - elsif flash[:warning]
  
app/views/layouts/application.html.haml:11
Started GET "/movies" for 127.0.0.1 at 2021-08-15 11:47:27 +0700
Processing by MoviesController#index as HTML
  Rendering layout layouts/application.html.haml
  Rendering movies/index.html.haml within layouts/application
  [1m[36mMovie Load (0.4ms)[0m  [1m[34mSELECT "movies".* FROM "movies"[0m
  ↳ app/views/movies/index.html.haml:11
  Rendered movies/index.html.haml within layouts/application (Duration: 7.6ms | Allocations: 1143)
  Rendered layout layouts/application.html.haml (Duration: 9.8ms | Allocations: 3125)
Completed 500 Internal Server Error in 11ms (ActiveRecord: 0.4ms | Allocations: 3550)


  
ActionView::Template::Error (Inconsistent indentation: "   \t " used for indentation, but the rest of the document was indented using 1 tab.):
     8:      
     9: 	%body
    10: 
    11:    	 #main
    12:     	  - if flash[:notice]
    13:      	   #notice.message= flash[:notice]
    14:     	  - elsif flash[:warning]
  
app/views/layouts/application.html.haml:11
Started GET "/movies" for 127.0.0.1 at 2021-08-15 11:47:46 +0700
Processing by MoviesController#index as HTML
  Rendering layout layouts/application.html.haml
  Rendering movies/index.html.haml within layouts/application
  [1m[36mMovie Load (0.4ms)[0m  [1m[34mSELECT "movies".* FROM "movies"[0m
  ↳ app/views/movies/index.html.haml:11
  Rendered movies/index.html.haml within layouts/application (Duration: 14.9ms | Allocations: 4157)
  Rendered layout layouts/application.html.haml (Duration: 20.4ms | Allocations: 6035)
Completed 500 Internal Server Error in 25ms (ActiveRecord: 0.4ms | Allocations: 7330)


  
ActionView::Template::Error (Inconsistent indentation: "    \t  " used for indentation, but the rest of the document was indented using 1 tab.):
     7: 		= csrf_meta_tags
     8:      
     9: 	%body
    10:     	  - if flash[:notice]
    11:      	   #notice.message= flash[:notice]
    12:     	  - elsif flash[:warning]
    13:     	    #warning.message= flash[:warning]
  
app/views/layouts/application.html.haml:10
Started GET "/movies" for 127.0.0.1 at 2021-08-15 11:47:47 +0700
Processing by MoviesController#index as HTML
  Rendering layout layouts/application.html.haml
  Rendering movies/index.html.haml within layouts/application
  [1m[36mMovie Load (0.4ms)[0m  [1m[34mSELECT "movies".* FROM "movies"[0m
  ↳ app/views/movies/index.html.haml:11
  Rendered movies/index.html.haml within layouts/application (Duration: 6.6ms | Allocations: 1143)
  Rendered layout layouts/application.html.haml (Duration: 8.8ms | Allocations: 3113)
Completed 500 Internal Server Error in 10ms (ActiveRecord: 0.4ms | Allocations: 3538)


  
ActionView::Template::Error (Inconsistent indentation: "    \t  " used for indentation, but the rest of the document was indented using 1 tab.):
     7: 		= csrf_meta_tags
     8:      
     9: 	%body
    10:     	  - if flash[:notice]
    11:      	   #notice.message= flash[:notice]
    12:     	  - elsif flash[:warning]
    13:     	    #warning.message= flash[:warning]
  
app/views/layouts/application.html.haml:10
Started GET "/movies" for 127.0.0.1 at 2021-08-15 11:50:40 +0700
Processing by MoviesController#index as HTML
  Rendering layout layouts/application.html.haml
  Rendering movies/index.html.haml within layouts/application
  [1m[36mMovie Load (0.6ms)[0m  [1m[34mSELECT "movies".* FROM "movies"[0m
  ↳ app/views/movies/index.html.haml:11
  Rendered movies/index.html.haml within layouts/application (Duration: 16.4ms | Allocations: 4149)
[Webpacker] Everything's up-to-date. Nothing to do
  Rendered layout layouts/application.html.haml (Duration: 68.7ms | Allocations: 11880)
Completed 200 OK in 72ms (Views: 70.0ms | ActiveRecord: 0.6ms | Allocations: 13236)


Started GET "/movies" for 127.0.0.1 at 2021-08-15 11:51:11 +0700
Processing by MoviesController#index as HTML
  Rendering layout layouts/application.html.haml
  Rendering movies/index.html.haml within layouts/application
  [1m[36mMovie Load (0.2ms)[0m  [1m[34mSELECT "movies".* FROM "movies"[0m
  ↳ app/views/movies/index.html.haml:11
  Rendered movies/index.html.haml within layouts/application (Duration: 8.5ms | Allocations: 4140)
  Rendered layout layouts/application.html.haml (Duration: 12.6ms | Allocations: 6025)
Completed 500 Internal Server Error in 17ms (ActiveRecord: 0.2ms | Allocations: 7451)


  
ActionView::Template::Error (Inconsistent indentation: 4 spaces used for indentation, but the rest of the document was indented using 1 tab.):
     7: 		= csrf_meta_tags
     8:      
     9: 	%body
    10:     %h1.title Rotten Potatoes!
    11: 	- if flash[:notice]
    12: 		#notice.message= flash[:notice]
    13: 	- elsif flash[:warning]
  
app/views/layouts/application.html.haml:10
Started GET "/movies" for 127.0.0.1 at 2021-08-15 11:51:34 +0700
Processing by MoviesController#index as HTML
  Rendering layout layouts/application.html.haml
  Rendering movies/index.html.haml within layouts/application
  [1m[36mMovie Load (0.2ms)[0m  [1m[34mSELECT "movies".* FROM "movies"[0m
  ↳ app/views/movies/index.html.haml:11
  Rendered movies/index.html.haml within layouts/application (Duration: 8.2ms | Allocations: 4148)
  Rendered layout layouts/application.html.haml (Duration: 11.1ms | Allocations: 6031)
Completed 500 Internal Server Error in 19ms (ActiveRecord: 0.2ms | Allocations: 7382)


  
ActionView::Template::Error (Inconsistent indentation: " \t" used for indentation, but the rest of the document was indented using 1 tab.):
     7: 		= csrf_meta_tags
     8:      
     9: 	%body
    10:  	%h1 Rotten Potatoes!
    11: 	- if flash[:notice]
    12: 		#notice.message= flash[:notice]
    13: 	- elsif flash[:warning]
  
app/views/layouts/application.html.haml:10
Started GET "/movies" for 127.0.0.1 at 2021-08-15 11:51:48 +0700
Processing by MoviesController#index as HTML
  Rendering layout layouts/application.html.haml
  Rendering movies/index.html.haml within layouts/application
  [1m[36mMovie Load (0.2ms)[0m  [1m[34mSELECT "movies".* FROM "movies"[0m
  ↳ app/views/movies/index.html.haml:11
  Rendered movies/index.html.haml within layouts/application (Duration: 8.1ms | Allocations: 4148)
[Webpacker] Everything's up-to-date. Nothing to do
  Rendered layout layouts/application.html.haml (Duration: 26.2ms | Allocations: 9866)
Completed 200 OK in 34ms (Views: 31.2ms | ActiveRecord: 0.2ms | Allocations: 11263)


Started GET "/movies" for 127.0.0.1 at 2021-08-15 11:52:37 +0700
Processing by MoviesController#index as HTML
  Rendering layout layouts/application.html.haml
  Rendering movies/index.html.haml within layouts/application
  [1m[36mMovie Load (0.4ms)[0m  [1m[34mSELECT "movies".* FROM "movies"[0m
  ↳ app/views/movies/index.html.haml:12
  Rendered movies/index.html.haml within layouts/application (Duration: 13.8ms | Allocations: 4224)
[Webpacker] Everything's up-to-date. Nothing to do
  Rendered layout layouts/application.html.haml (Duration: 29.7ms | Allocations: 9935)
Completed 200 OK in 33ms (Views: 31.4ms | ActiveRecord: 0.4ms | Allocations: 11362)


Started GET "/movies/new" for 127.0.0.1 at 2021-08-15 11:52:43 +0700
Processing by MoviesController#new as HTML
  Rendering layout layouts/application.html.haml
  Rendering movies/new.html.haml within layouts/application
  Rendered movies/new.html.haml within layouts/application (Duration: 38.9ms | Allocations: 7022)
[Webpacker] Everything's up-to-date. Nothing to do
  Rendered layout layouts/application.html.haml (Duration: 50.0ms | Allocations: 9852)
Completed 200 OK in 55ms (Views: 51.8ms | ActiveRecord: 0.0ms | Allocations: 10555)


Started POST "/movies" for 127.0.0.1 at 2021-08-15 11:52:44 +0700
Processing by MoviesController#create as HTML
  Parameters: {"authenticity_token"=>"[FILTERED]", "movie"=>{"title"=>"", "rating"=>"G", "release_date(1i)"=>"2021", "release_date(2i)"=>"8", "release_date(3i)"=>"15"}, "commit"=>"Save Changes"}
Completed 500 Internal Server Error in 6ms (ActiveRecord: 0.0ms | Allocations: 844)


  
ActiveModel::ForbiddenAttributesError (ActiveModel::ForbiddenAttributesError):
  
app/controllers/movies_controller.rb:15:in `create'
Started GET "/movies/9" for 127.0.0.1 at 2021-08-15 11:52:50 +0700
Processing by MoviesController#show as HTML
  Parameters: {"id"=>"9"}
  [1m[36mMovie Load (0.6ms)[0m  [1m[34mSELECT "movies".* FROM "movies" WHERE "movies"."id" = ? LIMIT ?[0m  [["id", 9], ["LIMIT", 1]]
  ↳ app/controllers/movies_controller.rb:8:in `show'
  Rendering layout layouts/application.html.haml
  Rendering movies/show.html.haml within layouts/application
  Rendered movies/show.html.haml within layouts/application (Duration: 3.6ms | Allocations: 3595)
  Rendered layout layouts/application.html.haml (Duration: 4.0ms | Allocations: 3666)
Completed 500 Internal Server Error in 14ms (ActiveRecord: 0.6ms | Allocations: 5655)


  
ActionView::SyntaxErrorInTemplate (Encountered a syntax error while rendering template: check %h2 Details about #{@movie.title}
 
%ul#details
  %li
    Rating:
    = @movie.rating
  %li
    Released on:
    = @movie.release_date.strftime("%B %d, %Y")
 
%h3 Description:
 
%p#description= @movie.description
= link_to 'Edit info', edit_movie_path(@movie)
= link_to 'Back to movie list', movies_path
= button_to 'Delete', movie_path(@movie), :method => :delete, :confirm => 'Are you sure you want to delete?’

):
1:    %h2 Details about #{@movie.title}
2:     
3:    %ul#details
4:      %li
5:        Rating:
6:        = @movie.rating
7:      %li
8:        Released on:
9:        = @movie.release_date.strftime("%B %d, %Y")
10:     
11:    %h3 Description:
12:     
13:    %p#description= @movie.description
14:    = link_to 'Edit info', edit_movie_path(@movie)
15:    = link_to 'Back to movie list', movies_path
16:    = button_to 'Delete', movie_path(@movie), :method => :delete, :confirm => 'Are you sure you want to delete?’
  
app/views/movies/show.html.haml:18: unterminated string meets end of file
app/views/movies/show.html.haml:18: syntax error, unexpected end-of-input, expecting ')'
app/views/movies/show.html.haml:18: unterminated string meets end of file
app/views/movies/show.html.haml:18: syntax error, unexpected end-of-input, expecting ')'
app/views/movies/show.html.haml:18: unterminated string meets end of file
app/views/movies/show.html.haml:18: syntax error, unexpected end-of-input, expecting ')'
app/views/movies/show.html.haml:18: unterminated string meets end of file
app/views/movies/show.html.haml:18: syntax error, unexpected end-of-input, expecting ')'
app/views/movies/show.html.haml:18: unterminated string meets end of file
app/views/movies/show.html.haml:18: syntax error, unexpected end-of-input, expecting ')'
app/views/movies/show.html.haml:18: unterminated string meets end of file
app/views/movies/show.html.haml:18: syntax error, unexpected end-of-input, expecting ')'
Started GET "/movies" for 127.0.0.1 at 2021-08-15 11:53:23 +0700
Processing by MoviesController#index as HTML
  Rendering layout layouts/application.html.haml
  Rendering movies/index.html.haml within layouts/application
  [1m[36mMovie Load (0.3ms)[0m  [1m[34mSELECT "movies".* FROM "movies"[0m
  ↳ app/views/movies/index.html.haml:12
  Rendered movies/index.html.haml within layouts/application (Duration: 5.5ms | Allocations: 1143)
[Webpacker] Everything's up-to-date. Nothing to do
  Rendered layout layouts/application.html.haml (Duration: 12.6ms | Allocations: 4093)
Completed 200 OK in 15ms (Views: 13.4ms | ActiveRecord: 0.3ms | Allocations: 4616)


Started GET "/movies/new" for 127.0.0.1 at 2021-08-15 11:53:24 +0700
Processing by MoviesController#new as HTML
  Rendering layout layouts/application.html.haml
  Rendering movies/new.html.haml within layouts/application
  Rendered movies/new.html.haml within layouts/application (Duration: 2.8ms | Allocations: 1626)
[Webpacker] Everything's up-to-date. Nothing to do
  Rendered layout layouts/application.html.haml (Duration: 9.4ms | Allocations: 4551)
Completed 200 OK in 12ms (Views: 11.0ms | ActiveRecord: 0.0ms | Allocations: 5092)


Started POST "/movies" for 127.0.0.1 at 2021-08-15 11:53:27 +0700
Processing by MoviesController#create as HTML
  Parameters: {"authenticity_token"=>"[FILTERED]", "movie"=>{"title"=>"tt", "rating"=>"G", "release_date(1i)"=>"2021", "release_date(2i)"=>"8", "release_date(3i)"=>"15"}, "commit"=>"Save Changes"}
Completed 500 Internal Server Error in 1ms (ActiveRecord: 0.0ms | Allocations: 742)


  
ActiveModel::ForbiddenAttributesError (ActiveModel::ForbiddenAttributesError):
  
app/controllers/movies_controller.rb:15:in `create'
Started POST "/movies" for 127.0.0.1 at 2021-08-15 11:59:11 +0700
Processing by MoviesController#create as HTML
  Parameters: {"authenticity_token"=>"[FILTERED]", "movie"=>{"title"=>"tt", "rating"=>"G", "release_date(1i)"=>"2021", "release_date(2i)"=>"8", "release_date(3i)"=>"15"}, "commit"=>"Save Changes"}
Completed 500 Internal Server Error in 10ms (Allocations: 3583)


  
NameError (undefined local variable or method `movie_params' for #<MoviesController:0x0000000000bba8>
Did you mean?  movie_path):
  
app/controllers/movies_controller.rb:15:in `create'
Started POST "/movies" for 127.0.0.1 at 2021-08-15 12:00:28 +0700
Processing by MoviesController#create as HTML
  Parameters: {"authenticity_token"=>"[FILTERED]", "movie"=>{"title"=>"tt", "rating"=>"G", "release_date(1i)"=>"2021", "release_date(2i)"=>"8", "release_date(3i)"=>"15"}, "commit"=>"Save Changes"}
  [1m[35m (0.1ms)[0m  [1m[34mSELECT sqlite_version(*)[0m
  ↳ app/controllers/movies_controller.rb:15:in `create'
  [1m[36mTRANSACTION (0.1ms)[0m  [1m[36mbegin transaction[0m
  ↳ app/controllers/movies_controller.rb:15:in `create'
  [1m[36mMovie Create (1.4ms)[0m  [1m[32mINSERT INTO "movies" ("title", "rating", "release_date", "created_at", "updated_at") VALUES (?, ?, ?, ?, ?)[0m  [["title", "tt"], ["rating", "G"], ["release_date", "2021-08-15 00:00:00"], ["created_at", "2021-08-15 05:00:28.517465"], ["updated_at", "2021-08-15 05:00:28.517465"]]
  ↳ app/controllers/movies_controller.rb:15:in `create'
  [1m[36mTRANSACTION (2.3ms)[0m  [1m[36mcommit transaction[0m
  ↳ app/controllers/movies_controller.rb:15:in `create'
Redirected to http://127.0.0.1:3000/movies
Completed 302 Found in 24ms (ActiveRecord: 4.6ms | Allocations: 9644)


Started GET "/movies" for 127.0.0.1 at 2021-08-15 12:00:28 +0700
Processing by MoviesController#index as HTML
  Rendering layout layouts/application.html.haml
  Rendering movies/index.html.haml within layouts/application
  [1m[36mMovie Load (0.2ms)[0m  [1m[34mSELECT "movies".* FROM "movies"[0m
  ↳ app/views/movies/index.html.haml:12
  Rendered movies/index.html.haml within layouts/application (Duration: 3.1ms | Allocations: 1297)
[Webpacker] Everything's up-to-date. Nothing to do
  Rendered layout layouts/application.html.haml (Duration: 7.3ms | Allocations: 4268)
Completed 200 OK in 11ms (Views: 8.4ms | ActiveRecord: 0.2ms | Allocations: 5045)


Started GET "/movies/9" for 127.0.0.1 at 2021-08-15 12:00:50 +0700
Processing by MoviesController#show as HTML
  Parameters: {"id"=>"9"}
  [1m[36mMovie Load (0.2ms)[0m  [1m[34mSELECT "movies".* FROM "movies" WHERE "movies"."id" = ? LIMIT ?[0m  [["id", 9], ["LIMIT", 1]]
  ↳ app/controllers/movies_controller.rb:8:in `show'
  Rendering layout layouts/application.html.haml
  Rendering movies/show.html.haml within layouts/application
  Rendered movies/show.html.haml within layouts/application (Duration: 3.7ms | Allocations: 3539)
  Rendered layout layouts/application.html.haml (Duration: 4.2ms | Allocations: 3609)
Completed 500 Internal Server Error in 10ms (ActiveRecord: 0.2ms | Allocations: 4845)


  
ActionView::SyntaxErrorInTemplate (Encountered a syntax error while rendering template: check %h2 Details about #{@movie.title}
 
%ul#details
  %li
    Rating:
    = @movie.rating
  %li
    Released on:
    = @movie.release_date.strftime("%B %d, %Y")
 
%h3 Description:
 
%p#description= @movie.description
= link_to 'Edit info', edit_movie_path(@movie)
= link_to 'Back to movie list', movies_path
= button_to 'Delete', movie_path(@movie), :method => :delete, :confirm => 'Are you sure you want to delete?’

):
1:    %h2 Details about #{@movie.title}
2:     
3:    %ul#details
4:      %li
5:        Rating:
6:        = @movie.rating
7:      %li
8:        Released on:
9:        = @movie.release_date.strftime("%B %d, %Y")
10:     
11:    %h3 Description:
12:     
13:    %p#description= @movie.description
14:    = link_to 'Edit info', edit_movie_path(@movie)
15:    = link_to 'Back to movie list', movies_path
16:    = button_to 'Delete', movie_path(@movie), :method => :delete, :confirm => 'Are you sure you want to delete?’
  
app/views/movies/show.html.haml:18: unterminated string meets end of file
app/views/movies/show.html.haml:18: syntax error, unexpected end-of-input, expecting ')'
app/views/movies/show.html.haml:18: unterminated string meets end of file
app/views/movies/show.html.haml:18: syntax error, unexpected end-of-input, expecting ')'
app/views/movies/show.html.haml:18: unterminated string meets end of file
app/views/movies/show.html.haml:18: syntax error, unexpected end-of-input, expecting ')'
app/views/movies/show.html.haml:18: unterminated string meets end of file
app/views/movies/show.html.haml:18: syntax error, unexpected end-of-input, expecting ')'
app/views/movies/show.html.haml:18: unterminated string meets end of file
app/views/movies/show.html.haml:18: syntax error, unexpected end-of-input, expecting ')'
app/views/movies/show.html.haml:18: unterminated string meets end of file
app/views/movies/show.html.haml:18: syntax error, unexpected end-of-input, expecting ')'
Started GET "/movies" for 127.0.0.1 at 2021-08-15 12:01:00 +0700
Processing by MoviesController#index as HTML
  Rendering layout layouts/application.html.haml
  Rendering movies/index.html.haml within layouts/application
  [1m[36mMovie Load (0.1ms)[0m  [1m[34mSELECT "movies".* FROM "movies"[0m
  ↳ app/views/movies/index.html.haml:12
  Rendered movies/index.html.haml within layouts/application (Duration: 4.6ms | Allocations: 1205)
[Webpacker] Everything's up-to-date. Nothing to do
  Rendered layout layouts/application.html.haml (Duration: 14.3ms | Allocations: 4177)
Completed 200 OK in 16ms (Views: 15.3ms | ActiveRecord: 0.1ms | Allocations: 4605)


Started GET "/movies/9" for 127.0.0.1 at 2021-08-15 12:04:23 +0700
Processing by MoviesController#show as HTML
  Parameters: {"id"=>"9"}
  [1m[36mMovie Load (0.2ms)[0m  [1m[34mSELECT "movies".* FROM "movies" WHERE "movies"."id" = ? LIMIT ?[0m  [["id", 9], ["LIMIT", 1]]
  ↳ app/controllers/movies_controller.rb:8:in `show'
  Rendering layout layouts/application.html.haml
  Rendering movies/show.html.haml within layouts/application
  Rendered movies/show.html.haml within layouts/application (Duration: 4.9ms | Allocations: 3570)
  Rendered layout layouts/application.html.haml (Duration: 5.4ms | Allocations: 3645)
Completed 500 Internal Server Error in 15ms (ActiveRecord: 0.2ms | Allocations: 5591)


  
ActionView::SyntaxErrorInTemplate (Encountered a syntax error while rendering template: check %h4 Details about #{@movie.title}
 
%ul#details
  %li
    Rating:
    = @movie.rating
  %li
    Released on:
    = @movie.release_date.strftime("%B %d, %Y")
 
%h5 Description:
 
%p#description= @movie.description
= link_to 'Edit info', edit_movie_path(@movie)
= button_to 'Delete', movie_path(@movie), :method => :delete, :confirm => 'Are you sure you want to delete?’
= link_to 'Back to movie list', movies_path

):
1:    %h4 Details about #{@movie.title}
2:     
3:    %ul#details
4:      %li
5:        Rating:
6:        = @movie.rating
7:      %li
8:        Released on:
9:        = @movie.release_date.strftime("%B %d, %Y")
10:     
11:    %h5 Description:
12:     
13:    %p#description= @movie.description
14:    = link_to 'Edit info', edit_movie_path(@movie)
15:    = button_to 'Delete', movie_path(@movie), :method => :delete, :confirm => 'Are you sure you want to delete?’
16:    = link_to 'Back to movie list', movies_path
  
app/views/movies/show.html.haml:16: syntax error, unexpected constant, expecting ')'
app/views/movies/show.html.haml:18: unterminated string meets end of file
app/views/movies/show.html.haml:18: syntax error, unexpected end-of-input, expecting ')'
app/views/movies/show.html.haml:16: syntax error, unexpected constant, expecting ')'
app/views/movies/show.html.haml:18: unterminated string meets end of file
app/views/movies/show.html.haml:18: syntax error, unexpected end-of-input, expecting ')'
app/views/movies/show.html.haml:16: syntax error, unexpected constant, expecting ')'
app/views/movies/show.html.haml:18: unterminated string meets end of file
app/views/movies/show.html.haml:18: syntax error, unexpected end-of-input, expecting ')'
app/views/movies/show.html.haml:16: syntax error, unexpected constant, expecting ')'
app/views/movies/show.html.haml:18: unterminated string meets end of file
app/views/movies/show.html.haml:18: syntax error, unexpected end-of-input, expecting ')'
app/views/movies/show.html.haml:16: syntax error, unexpected constant, expecting ')'
app/views/movies/show.html.haml:18: unterminated string meets end of file
app/views/movies/show.html.haml:18: syntax error, unexpected end-of-input, expecting ')'
app/views/movies/show.html.haml:16: syntax error, unexpected constant, expecting ')'
app/views/movies/show.html.haml:18: unterminated string meets end of file
app/views/movies/show.html.haml:18: syntax error, unexpected end-of-input, expecting ')'
Started GET "/movies" for 127.0.0.1 at 2021-08-15 12:04:25 +0700
Processing by MoviesController#index as HTML
  Rendering layout layouts/application.html.haml
  Rendering movies/index.html.haml within layouts/application
  [1m[36mMovie Load (0.2ms)[0m  [1m[34mSELECT "movies".* FROM "movies"[0m
  ↳ app/views/movies/index.html.haml:12
  Rendered movies/index.html.haml within layouts/application (Duration: 9.2ms | Allocations: 4207)
[Webpacker] Everything's up-to-date. Nothing to do
  Rendered layout layouts/application.html.haml (Duration: 19.9ms | Allocations: 9920)
Completed 200 OK in 21ms (Views: 20.3ms | ActiveRecord: 0.2ms | Allocations: 10588)


Started GET "/movies/new" for 127.0.0.1 at 2021-08-15 12:04:26 +0700
Processing by MoviesController#new as HTML
  Rendering layout layouts/application.html.haml
  Rendering movies/new.html.haml within layouts/application
  Rendered movies/new.html.haml within layouts/application (Duration: 8.7ms | Allocations: 3556)
[Webpacker] Everything's up-to-date. Nothing to do
  Rendered layout layouts/application.html.haml (Duration: 14.2ms | Allocations: 6383)
Completed 200 OK in 17ms (Views: 15.4ms | ActiveRecord: 0.0ms | Allocations: 7084)


Started GET "/movies/9" for 127.0.0.1 at 2021-08-15 12:04:29 +0700
Processing by MoviesController#show as HTML
  Parameters: {"id"=>"9"}
  [1m[36mMovie Load (0.1ms)[0m  [1m[34mSELECT "movies".* FROM "movies" WHERE "movies"."id" = ? LIMIT ?[0m  [["id", 9], ["LIMIT", 1]]
  ↳ app/controllers/movies_controller.rb:8:in `show'
  Rendering layout layouts/application.html.haml
  Rendering movies/show.html.haml within layouts/application
  Rendered movies/show.html.haml within layouts/application (Duration: 25.1ms | Allocations: 3529)
  Rendered layout layouts/application.html.haml (Duration: 26.5ms | Allocations: 3599)
Completed 500 Internal Server Error in 38ms (ActiveRecord: 0.1ms | Allocations: 4700)


  
ActionView::SyntaxErrorInTemplate (Encountered a syntax error while rendering template: check %h4 Details about #{@movie.title}
 
%ul#details
  %li
    Rating:
    = @movie.rating
  %li
    Released on:
    = @movie.release_date.strftime("%B %d, %Y")
 
%h5 Description:
 
%p#description= @movie.description
= link_to 'Edit info', edit_movie_path(@movie)
= button_to 'Delete', movie_path(@movie), :method => :delete, :confirm => 'Are you sure you want to delete?’
= link_to 'Back to movie list', movies_path

):
1:    %h4 Details about #{@movie.title}
2:     
3:    %ul#details
4:      %li
5:        Rating:
6:        = @movie.rating
7:      %li
8:        Released on:
9:        = @movie.release_date.strftime("%B %d, %Y")
10:     
11:    %h5 Description:
12:     
13:    %p#description= @movie.description
14:    = link_to 'Edit info', edit_movie_path(@movie)
15:    = button_to 'Delete', movie_path(@movie), :method => :delete, :confirm => 'Are you sure you want to delete?’
16:    = link_to 'Back to movie list', movies_path
  
app/views/movies/show.html.haml:16: syntax error, unexpected constant, expecting ')'
app/views/movies/show.html.haml:18: unterminated string meets end of file
app/views/movies/show.html.haml:18: syntax error, unexpected end-of-input, expecting ')'
app/views/movies/show.html.haml:16: syntax error, unexpected constant, expecting ')'
app/views/movies/show.html.haml:18: unterminated string meets end of file
app/views/movies/show.html.haml:18: syntax error, unexpected end-of-input, expecting ')'
app/views/movies/show.html.haml:16: syntax error, unexpected constant, expecting ')'
app/views/movies/show.html.haml:18: unterminated string meets end of file
app/views/movies/show.html.haml:18: syntax error, unexpected end-of-input, expecting ')'
app/views/movies/show.html.haml:16: syntax error, unexpected constant, expecting ')'
app/views/movies/show.html.haml:18: unterminated string meets end of file
app/views/movies/show.html.haml:18: syntax error, unexpected end-of-input, expecting ')'
app/views/movies/show.html.haml:16: syntax error, unexpected constant, expecting ')'
app/views/movies/show.html.haml:18: unterminated string meets end of file
app/views/movies/show.html.haml:18: syntax error, unexpected end-of-input, expecting ')'
app/views/movies/show.html.haml:16: syntax error, unexpected constant, expecting ')'
app/views/movies/show.html.haml:18: unterminated string meets end of file
app/views/movies/show.html.haml:18: syntax error, unexpected end-of-input, expecting ')'
Started GET "/movies/9" for 127.0.0.1 at 2021-08-15 12:06:22 +0700
Processing by MoviesController#show as HTML
  Parameters: {"id"=>"9"}
  [1m[36mMovie Load (0.2ms)[0m  [1m[34mSELECT "movies".* FROM "movies" WHERE "movies"."id" = ? LIMIT ?[0m  [["id", 9], ["LIMIT", 1]]
  ↳ app/controllers/movies_controller.rb:8:in `show'
  Rendering layout layouts/application.html.haml
  Rendering movies/show.html.haml within layouts/application
  Rendered movies/show.html.haml within layouts/application (Duration: 5.5ms | Allocations: 3569)
  Rendered layout layouts/application.html.haml (Duration: 6.2ms | Allocations: 3644)
Completed 500 Internal Server Error in 23ms (ActiveRecord: 0.2ms | Allocations: 5471)


  
ActionView::SyntaxErrorInTemplate (Encountered a syntax error while rendering template: check %h2 Details about #{@movie.title}
 
%ul#details
  %li
    Rating:
    = @movie.rating
  %li
    Released on:
    = @movie.release_date.strftime("%B %d, %Y")
 
%h3 Description:
 
%p#description= @movie.description
= link_to 'Edit info', edit_movie_path(@movie)
= button_to 'Delete', movie_path(@movie), :method => :delete, :confirm => 'Are you sure you want to delete?’
= link_to 'Back to movie list', movies_path

):
1:    %h2 Details about #{@movie.title}
2:     
3:    %ul#details
4:      %li
5:        Rating:
6:        = @movie.rating
7:      %li
8:        Released on:
9:        = @movie.release_date.strftime("%B %d, %Y")
10:     
11:    %h3 Description:
12:     
13:    %p#description= @movie.description
14:    = link_to 'Edit info', edit_movie_path(@movie)
15:    = button_to 'Delete', movie_path(@movie), :method => :delete, :confirm => 'Are you sure you want to delete?’
16:    = link_to 'Back to movie list', movies_path
  
app/views/movies/show.html.haml:16: syntax error, unexpected constant, expecting ')'
app/views/movies/show.html.haml:18: unterminated string meets end of file
app/views/movies/show.html.haml:18: syntax error, unexpected end-of-input, expecting ')'
app/views/movies/show.html.haml:16: syntax error, unexpected constant, expecting ')'
app/views/movies/show.html.haml:18: unterminated string meets end of file
app/views/movies/show.html.haml:18: syntax error, unexpected end-of-input, expecting ')'
app/views/movies/show.html.haml:16: syntax error, unexpected constant, expecting ')'
app/views/movies/show.html.haml:18: unterminated string meets end of file
app/views/movies/show.html.haml:18: syntax error, unexpected end-of-input, expecting ')'
app/views/movies/show.html.haml:16: syntax error, unexpected constant, expecting ')'
app/views/movies/show.html.haml:18: unterminated string meets end of file
app/views/movies/show.html.haml:18: syntax error, unexpected end-of-input, expecting ')'
app/views/movies/show.html.haml:16: syntax error, unexpected constant, expecting ')'
app/views/movies/show.html.haml:18: unterminated string meets end of file
app/views/movies/show.html.haml:18: syntax error, unexpected end-of-input, expecting ')'
app/views/movies/show.html.haml:16: syntax error, unexpected constant, expecting ')'
app/views/movies/show.html.haml:18: unterminated string meets end of file
app/views/movies/show.html.haml:18: syntax error, unexpected end-of-input, expecting ')'
Started GET "/movies" for 127.0.0.1 at 2021-08-15 12:08:58 +0700
Processing by MoviesController#index as HTML
  Rendering layout layouts/application.html.haml
  Rendering movies/index.html.haml within layouts/application
  [1m[36mMovie Load (0.4ms)[0m  [1m[34mSELECT "movies".* FROM "movies"[0m
  ↳ app/views/movies/index.html.haml:12
  Rendered movies/index.html.haml within layouts/application (Duration: 12.9ms | Allocations: 4293)
[Webpacker] Everything's up-to-date. Nothing to do
  Rendered layout layouts/application.html.haml (Duration: 30.6ms | Allocations: 10011)
Completed 200 OK in 42ms (Views: 36.0ms | ActiveRecord: 0.4ms | Allocations: 11408)


Started GET "/movies/12" for 127.0.0.1 at 2021-08-15 12:08:59 +0700
Processing by MoviesController#show as HTML
  Parameters: {"id"=>"12"}
  [1m[36mMovie Load (0.3ms)[0m  [1m[34mSELECT "movies".* FROM "movies" WHERE "movies"."id" = ? LIMIT ?[0m  [["id", 12], ["LIMIT", 1]]
  ↳ app/controllers/movies_controller.rb:8:in `show'
  Rendering layout layouts/application.html.haml
  Rendering movies/show.html.haml within layouts/application
  Rendered movies/show.html.haml within layouts/application (Duration: 7.4ms | Allocations: 3485)
  Rendered layout layouts/application.html.haml (Duration: 7.8ms | Allocations: 3555)
Completed 500 Internal Server Error in 17ms (ActiveRecord: 0.3ms | Allocations: 4762)


  
ActionView::SyntaxErrorInTemplate (Encountered a syntax error while rendering template: check render template: 'template', formats: [:html]
%h2 Details about #{@movie.title}
 
%ul#details
  %li
    Rating:
    = @movie.rating
  %li
    Released on:
    = @movie.release_date.strftime("%B %d, %Y")
 
%h3 Description:
 
%p#description= @movie.description
= link_to 'Edit info', edit_movie_path(@movie)
= button_to 'Delete', movie_path(@movie), :method => :delete, :confirm => 'Are you sure you want to delete?’
= link_to 'Back to movie list', movies_path

):
1:    render template: 'template', formats: [:html]
2:    %h2 Details about #{@movie.title}
3:     
4:    %ul#details
5:      %li
6:        Rating:
7:        = @movie.rating
8:      %li
9:        Released on:
10:        = @movie.release_date.strftime("%B %d, %Y")
11:     
12:    %h3 Description:
13:     
14:    %p#description= @movie.description
15:    = link_to 'Edit info', edit_movie_path(@movie)
16:    = button_to 'Delete', movie_path(@movie), :method => :delete, :confirm => 'Are you sure you want to delete?’
17:    = link_to 'Back to movie list', movies_path
  
app/views/movies/show.html.haml:17: syntax error, unexpected constant, expecting ')'
app/views/movies/show.html.haml:19: unterminated string meets end of file
app/views/movies/show.html.haml:19: syntax error, unexpected end-of-input, expecting ')'
app/views/movies/show.html.haml:17: syntax error, unexpected constant, expecting ')'
app/views/movies/show.html.haml:19: unterminated string meets end of file
app/views/movies/show.html.haml:19: syntax error, unexpected end-of-input, expecting ')'
app/views/movies/show.html.haml:17: syntax error, unexpected constant, expecting ')'
app/views/movies/show.html.haml:19: unterminated string meets end of file
app/views/movies/show.html.haml:19: syntax error, unexpected end-of-input, expecting ')'
app/views/movies/show.html.haml:17: syntax error, unexpected constant, expecting ')'
app/views/movies/show.html.haml:19: unterminated string meets end of file
app/views/movies/show.html.haml:19: syntax error, unexpected end-of-input, expecting ')'
app/views/movies/show.html.haml:17: syntax error, unexpected constant, expecting ')'
app/views/movies/show.html.haml:19: unterminated string meets end of file
app/views/movies/show.html.haml:19: syntax error, unexpected end-of-input, expecting ')'
app/views/movies/show.html.haml:17: syntax error, unexpected constant, expecting ')'
app/views/movies/show.html.haml:19: unterminated string meets end of file
app/views/movies/show.html.haml:19: syntax error, unexpected end-of-input, expecting ')'
Started GET "/movies" for 127.0.0.1 at 2021-08-15 12:09:07 +0700
Processing by MoviesController#index as HTML
  Rendering layout layouts/application.html.haml
  Rendering movies/index.html.haml within layouts/application
  [1m[36mMovie Load (0.6ms)[0m  [1m[34mSELECT "movies".* FROM "movies"[0m
  ↳ app/views/movies/index.html.haml:12
  Rendered movies/index.html.haml within layouts/application (Duration: 9.5ms | Allocations: 1205)
[Webpacker] Everything's up-to-date. Nothing to do
  Rendered layout layouts/application.html.haml (Duration: 20.9ms | Allocations: 4155)
Completed 200 OK in 24ms (Views: 22.3ms | ActiveRecord: 0.6ms | Allocations: 4637)


Started GET "/movies" for 127.0.0.1 at 2021-08-15 12:09:31 +0700
Processing by MoviesController#index as HTML
  Rendering layout layouts/application.html.haml
  Rendering movies/index.html.haml within layouts/application
  [1m[36mMovie Load (0.5ms)[0m  [1m[34mSELECT "movies".* FROM "movies"[0m
  ↳ app/views/movies/index.html.haml:12
  Rendered movies/index.html.haml within layouts/application (Duration: 17.1ms | Allocations: 4291)
[Webpacker] Everything's up-to-date. Nothing to do
  Rendered layout layouts/application.html.haml (Duration: 38.7ms | Allocations: 10004)
Completed 200 OK in 43ms (Views: 40.2ms | ActiveRecord: 0.5ms | Allocations: 11435)


Started GET "/movies/9" for 127.0.0.1 at 2021-08-15 12:09:33 +0700
Processing by MoviesController#show as HTML
  Parameters: {"id"=>"9"}
  [1m[36mMovie Load (0.2ms)[0m  [1m[34mSELECT "movies".* FROM "movies" WHERE "movies"."id" = ? LIMIT ?[0m  [["id", 9], ["LIMIT", 1]]
  ↳ app/controllers/movies_controller.rb:8:in `show'
  Rendering layout layouts/application.html.haml
  Rendering movies/show.html.haml within layouts/application
  Rendered movies/show.html.haml within layouts/application (Duration: 6.5ms | Allocations: 3461)
  Rendered layout layouts/application.html.haml (Duration: 7.0ms | Allocations: 3531)
Completed 500 Internal Server Error in 14ms (ActiveRecord: 0.2ms | Allocations: 4738)


  
ActionView::SyntaxErrorInTemplate (Encountered a syntax error while rendering template: check %h2 Details about #{@movie.title}
 
%ul#details
  %li
    Rating:
    = @movie.rating
  %li
    Released on:
    = @movie.release_date.strftime("%B %d, %Y")
 
%h3 Description:
 
%p#description= @movie.description
= link_to 'Edit info', edit_movie_path(@movie)
= button_to 'Delete', movie_path(@movie), :method => :delete, :confirm => 'Are you sure you want to delete?’
= link_to 'Back to movie list', movies_path(@movie)

):
1:    %h2 Details about #{@movie.title}
2:     
3:    %ul#details
4:      %li
5:        Rating:
6:        = @movie.rating
7:      %li
8:        Released on:
9:        = @movie.release_date.strftime("%B %d, %Y")
10:     
11:    %h3 Description:
12:     
13:    %p#description= @movie.description
14:    = link_to 'Edit info', edit_movie_path(@movie)
15:    = button_to 'Delete', movie_path(@movie), :method => :delete, :confirm => 'Are you sure you want to delete?’
16:    = link_to 'Back to movie list', movies_path(@movie)
  
app/views/movies/show.html.haml:16: syntax error, unexpected constant, expecting ')'
app/views/movies/show.html.haml:18: unterminated string meets end of file
app/views/movies/show.html.haml:18: syntax error, unexpected end-of-input, expecting ')'
app/views/movies/show.html.haml:16: syntax error, unexpected constant, expecting ')'
app/views/movies/show.html.haml:18: unterminated string meets end of file
app/views/movies/show.html.haml:18: syntax error, unexpected end-of-input, expecting ')'
app/views/movies/show.html.haml:16: syntax error, unexpected constant, expecting ')'
app/views/movies/show.html.haml:18: unterminated string meets end of file
app/views/movies/show.html.haml:18: syntax error, unexpected end-of-input, expecting ')'
app/views/movies/show.html.haml:16: syntax error, unexpected constant, expecting ')'
app/views/movies/show.html.haml:18: unterminated string meets end of file
app/views/movies/show.html.haml:18: syntax error, unexpected end-of-input, expecting ')'
app/views/movies/show.html.haml:16: syntax error, unexpected constant, expecting ')'
app/views/movies/show.html.haml:18: unterminated string meets end of file
app/views/movies/show.html.haml:18: syntax error, unexpected end-of-input, expecting ')'
app/views/movies/show.html.haml:16: syntax error, unexpected constant, expecting ')'
app/views/movies/show.html.haml:18: unterminated string meets end of file
app/views/movies/show.html.haml:18: syntax error, unexpected end-of-input, expecting ')'
Started GET "/movies/9" for 127.0.0.1 at 2021-08-15 12:11:00 +0700
Processing by MoviesController#show as HTML
  Parameters: {"id"=>"9"}
  [1m[36mMovie Load (0.2ms)[0m  [1m[34mSELECT "movies".* FROM "movies" WHERE "movies"."id" = ? LIMIT ?[0m  [["id", 9], ["LIMIT", 1]]
  ↳ app/controllers/movies_controller.rb:8:in `show'
  Rendering layout layouts/application.html.haml
  Rendering movies/show.html.haml within layouts/application
  Rendered movies/show.html.haml within layouts/application (Duration: 6.0ms | Allocations: 3446)
  Rendered layout layouts/application.html.haml (Duration: 6.4ms | Allocations: 3515)
Completed 500 Internal Server Error in 12ms (ActiveRecord: 0.2ms | Allocations: 4412)


  
ActionView::SyntaxErrorInTemplate (Encountered a syntax error while rendering template: check %h2 Details about #{@movie.title}
 
%ul#details
  %li
    Rating:
    = @movie.rating
  %li
    Released on:
    = @movie.release_date.strftime("%B %d, %Y")
 
%h3 Description:
 
%p#description= @movie.description
= link_to 'Edit info', edit_movie_path(@movie)
= button_to 'Delete', movie_path(@movie), :method => :delete, :confirm => 'Are you sure you want to delete?’
= link_to 'Back to movie list', movies_path(@movie)

):
1:    %h2 Details about #{@movie.title}
2:     
3:    %ul#details
4:      %li
5:        Rating:
6:        = @movie.rating
7:      %li
8:        Released on:
9:        = @movie.release_date.strftime("%B %d, %Y")
10:     
11:    %h3 Description:
12:     
13:    %p#description= @movie.description
14:    = link_to 'Edit info', edit_movie_path(@movie)
15:    = button_to 'Delete', movie_path(@movie), :method => :delete, :confirm => 'Are you sure you want to delete?’
16:    = link_to 'Back to movie list', movies_path(@movie)
  
app/views/movies/show.html.haml:16: syntax error, unexpected constant, expecting ')'
app/views/movies/show.html.haml:18: unterminated string meets end of file
app/views/movies/show.html.haml:18: syntax error, unexpected end-of-input, expecting ')'
app/views/movies/show.html.haml:16: syntax error, unexpected constant, expecting ')'
app/views/movies/show.html.haml:18: unterminated string meets end of file
app/views/movies/show.html.haml:18: syntax error, unexpected end-of-input, expecting ')'
app/views/movies/show.html.haml:16: syntax error, unexpected constant, expecting ')'
app/views/movies/show.html.haml:18: unterminated string meets end of file
app/views/movies/show.html.haml:18: syntax error, unexpected end-of-input, expecting ')'
app/views/movies/show.html.haml:16: syntax error, unexpected constant, expecting ')'
app/views/movies/show.html.haml:18: unterminated string meets end of file
app/views/movies/show.html.haml:18: syntax error, unexpected end-of-input, expecting ')'
app/views/movies/show.html.haml:16: syntax error, unexpected constant, expecting ')'
app/views/movies/show.html.haml:18: unterminated string meets end of file
app/views/movies/show.html.haml:18: syntax error, unexpected end-of-input, expecting ')'
app/views/movies/show.html.haml:16: syntax error, unexpected constant, expecting ')'
app/views/movies/show.html.haml:18: unterminated string meets end of file
app/views/movies/show.html.haml:18: syntax error, unexpected end-of-input, expecting ')'
Started GET "/movies/9" for 127.0.0.1 at 2021-08-15 12:11:21 +0700
Processing by MoviesController#show as HTML
  Parameters: {"id"=>"9"}
  [1m[36mMovie Load (0.2ms)[0m  [1m[34mSELECT "movies".* FROM "movies" WHERE "movies"."id" = ? LIMIT ?[0m  [["id", 9], ["LIMIT", 1]]
  ↳ app/controllers/movies_controller.rb:8:in `show'
  Rendering layout layouts/application.html.haml
  Rendering movies/show.html.haml within layouts/application
  Rendered movies/show.html.haml within layouts/application (Duration: 4.7ms | Allocations: 3149)
[Webpacker] Everything's up-to-date. Nothing to do
  Rendered layout layouts/application.html.haml (Duration: 33.9ms | Allocations: 8846)
Completed 200 OK in 43ms (Views: 38.1ms | ActiveRecord: 0.2ms | Allocations: 10717)


Started GET "/movies" for 127.0.0.1 at 2021-08-15 12:11:23 +0700
Processing by MoviesController#index as HTML
  Rendering layout layouts/application.html.haml
  Rendering movies/index.html.haml within layouts/application
  [1m[36mMovie Load (0.2ms)[0m  [1m[34mSELECT "movies".* FROM "movies"[0m
  ↳ app/views/movies/index.html.haml:12
  Rendered movies/index.html.haml within layouts/application (Duration: 11.7ms | Allocations: 4189)
[Webpacker] Everything's up-to-date. Nothing to do
  Rendered layout layouts/application.html.haml (Duration: 20.6ms | Allocations: 7035)
Completed 200 OK in 26ms (Views: 23.2ms | ActiveRecord: 0.2ms | Allocations: 7749)


Started GET "/movies/9" for 127.0.0.1 at 2021-08-15 12:11:25 +0700
Processing by MoviesController#show as HTML
  Parameters: {"id"=>"9"}
  [1m[36mMovie Load (0.2ms)[0m  [1m[34mSELECT "movies".* FROM "movies" WHERE "movies"."id" = ? LIMIT ?[0m  [["id", 9], ["LIMIT", 1]]
  ↳ app/controllers/movies_controller.rb:8:in `show'
  Rendering layout layouts/application.html.haml
  Rendering movies/show.html.haml within layouts/application
  Rendered movies/show.html.haml within layouts/application (Duration: 1.7ms | Allocations: 402)
[Webpacker] Everything's up-to-date. Nothing to do
  Rendered layout layouts/application.html.haml (Duration: 8.2ms | Allocations: 3328)
Completed 200 OK in 13ms (Views: 9.4ms | ActiveRecord: 0.2ms | Allocations: 4444)


Started GET "/movies/9/edit" for 127.0.0.1 at 2021-08-15 12:11:31 +0700
Processing by MoviesController#edit as HTML
  Parameters: {"id"=>"9"}
  [1m[36mMovie Load (0.2ms)[0m  [1m[34mSELECT "movies".* FROM "movies" WHERE "movies"."id" = ? LIMIT ?[0m  [["id", 9], ["LIMIT", 1]]
  ↳ app/controllers/movies_controller.rb:20:in `edit'
  Rendering layout layouts/application.html.haml
  Rendering movies/edit.html.haml within layouts/application
  Rendered movies/edit.html.haml within layouts/application (Duration: 7.2ms | Allocations: 3760)
[Webpacker] Everything's up-to-date. Nothing to do
  Rendered layout layouts/application.html.haml (Duration: 18.8ms | Allocations: 6594)
Completed 200 OK in 24ms (Views: 20.0ms | ActiveRecord: 0.2ms | Allocations: 7919)


Started DELETE "/movies/9" for 127.0.0.1 at 2021-08-15 12:11:33 +0700
Processing by MoviesController#destroy as HTML
  Parameters: {"authenticity_token"=>"[FILTERED]", "id"=>"9"}
  [1m[36mMovie Load (0.2ms)[0m  [1m[34mSELECT "movies".* FROM "movies" WHERE "movies"."id" = ? LIMIT ?[0m  [["id", 9], ["LIMIT", 1]]
  ↳ app/controllers/movies_controller.rb:30:in `destroy'
  [1m[36mTRANSACTION (0.7ms)[0m  [1m[36mbegin transaction[0m
  ↳ app/controllers/movies_controller.rb:31:in `destroy'
  [1m[36mMovie Destroy (0.7ms)[0m  [1m[31mDELETE FROM "movies" WHERE "movies"."id" = ?[0m  [["id", 9]]
  ↳ app/controllers/movies_controller.rb:31:in `destroy'
  [1m[36mTRANSACTION (2.5ms)[0m  [1m[36mcommit transaction[0m
  ↳ app/controllers/movies_controller.rb:31:in `destroy'
Redirected to http://127.0.0.1:3000/movies
Completed 302 Found in 19ms (ActiveRecord: 4.0ms | Allocations: 4880)


Started GET "/movies" for 127.0.0.1 at 2021-08-15 12:11:34 +0700
Processing by MoviesController#index as HTML
  Rendering layout layouts/application.html.haml
  Rendering movies/index.html.haml within layouts/application
  [1m[36mMovie Load (0.1ms)[0m  [1m[34mSELECT "movies".* FROM "movies"[0m
  ↳ app/views/movies/index.html.haml:12
  Rendered movies/index.html.haml within layouts/application (Duration: 2.7ms | Allocations: 1142)
[Webpacker] Everything's up-to-date. Nothing to do
  Rendered layout layouts/application.html.haml (Duration: 8.4ms | Allocations: 4092)
Completed 200 OK in 11ms (Views: 9.2ms | ActiveRecord: 0.1ms | Allocations: 4610)


Started GET "/movies/12" for 127.0.0.1 at 2021-08-15 12:11:37 +0700
Processing by MoviesController#show as HTML
  Parameters: {"id"=>"12"}
  [1m[36mMovie Load (0.6ms)[0m  [1m[34mSELECT "movies".* FROM "movies" WHERE "movies"."id" = ? LIMIT ?[0m  [["id", 12], ["LIMIT", 1]]
  ↳ app/controllers/movies_controller.rb:8:in `show'
  Rendering layout layouts/application.html.haml
  Rendering movies/show.html.haml within layouts/application
  Rendered movies/show.html.haml within layouts/application (Duration: 3.1ms | Allocations: 402)
[Webpacker] Everything's up-to-date. Nothing to do
  Rendered layout layouts/application.html.haml (Duration: 11.0ms | Allocations: 3328)
Completed 200 OK in 19ms (Views: 12.5ms | ActiveRecord: 0.6ms | Allocations: 4445)


Started GET "/movies" for 127.0.0.1 at 2021-08-15 12:11:38 +0700
Processing by MoviesController#index as HTML
  Rendering layout layouts/application.html.haml
  Rendering movies/index.html.haml within layouts/application
  [1m[36mMovie Load (0.4ms)[0m  [1m[34mSELECT "movies".* FROM "movies"[0m
  ↳ app/views/movies/index.html.haml:12
  Rendered movies/index.html.haml within layouts/application (Duration: 8.4ms | Allocations: 1141)
[Webpacker] Everything's up-to-date. Nothing to do
  Rendered layout layouts/application.html.haml (Duration: 16.6ms | Allocations: 4086)
Completed 200 OK in 24ms (Views: 19.5ms | ActiveRecord: 0.4ms | Allocations: 4639)


Started GET "/movies/11" for 127.0.0.1 at 2021-08-15 12:11:44 +0700
Processing by MoviesController#show as HTML
  Parameters: {"id"=>"11"}
  [1m[36mMovie Load (0.1ms)[0m  [1m[34mSELECT "movies".* FROM "movies" WHERE "movies"."id" = ? LIMIT ?[0m  [["id", 11], ["LIMIT", 1]]
  ↳ app/controllers/movies_controller.rb:8:in `show'
  Rendering layout layouts/application.html.haml
  Rendering movies/show.html.haml within layouts/application
  Rendered movies/show.html.haml within layouts/application (Duration: 1.2ms | Allocations: 430)
[Webpacker] Everything's up-to-date. Nothing to do
  Rendered layout layouts/application.html.haml (Duration: 8.3ms | Allocations: 3356)
Completed 200 OK in 12ms (Views: 9.2ms | ActiveRecord: 0.1ms | Allocations: 4472)


Started GET "/" for 127.0.0.1 at 2021-08-21 13:29:40 +0700
  [1m[35m (2.0ms)[0m  [1m[34mSELECT sqlite_version(*)[0m
  [1m[35m (0.4ms)[0m  [1m[34mSELECT "schema_migrations"."version" FROM "schema_migrations" ORDER BY "schema_migrations"."version" ASC[0m
Started GET "/movies" for 127.0.0.1 at 2021-08-21 13:29:40 +0700
Processing by MoviesController#index as HTML
  Rendering layout layouts/application.html.haml
  Rendering movies/index.html.haml within layouts/application
  [1m[36mMovie Load (1.1ms)[0m  [1m[34mSELECT "movies".* FROM "movies"[0m
  ↳ app/views/movies/index.html.haml:12
  Rendered movies/index.html.haml within layouts/application (Duration: 47.0ms | Allocations: 10485)
[Webpacker] Everything's up-to-date. Nothing to do
  Rendered layout layouts/application.html.haml (Duration: 112.8ms | Allocations: 18250)
Completed 200 OK in 135ms (Views: 117.2ms | ActiveRecord: 1.9ms | Allocations: 22151)


Started GET "/movies" for 127.0.0.1 at 2021-08-21 13:30:25 +0700
Processing by MoviesController#index as HTML
  Rendering layout layouts/application.html.haml
  Rendering movies/index.html.haml within layouts/application
  [1m[36mMovie Load (0.5ms)[0m  [1m[34mSELECT "movies".* FROM "movies"[0m
  ↳ app/views/movies/index.html.haml:11
  Rendered movies/index.html.haml within layouts/application (Duration: 9.9ms | Allocations: 4143)
[Webpacker] Everything's up-to-date. Nothing to do
  Rendered layout layouts/application.html.haml (Duration: 22.8ms | Allocations: 9853)
Completed 200 OK in 27ms (Views: 24.9ms | ActiveRecord: 0.5ms | Allocations: 11330)


Started GET "/movies" for 127.0.0.1 at 2021-08-21 13:35:35 +0700
Processing by MoviesController#index as HTML
  Rendering layout layouts/application.html.haml
  Rendering movies/index.html.haml within layouts/application
  [1m[36mMovie Load (0.2ms)[0m  [1m[34mSELECT "movies".* FROM "movies"[0m
  ↳ app/views/movies/index.html.haml:11
  Rendered movies/index.html.haml within layouts/application (Duration: 2.8ms | Allocations: 1150)
[Webpacker] Everything's up-to-date. Nothing to do
  Rendered layout layouts/application.html.haml (Duration: 24.6ms | Allocations: 4117)
Completed 200 OK in 27ms (Views: 25.2ms | ActiveRecord: 0.2ms | Allocations: 4621)


Started GET "/movies/new" for 127.0.0.1 at 2021-08-21 13:35:42 +0700
Processing by MoviesController#new as HTML
  Rendering layout layouts/application.html.haml
  Rendering movies/new.html.haml within layouts/application
  Rendered movies/new.html.haml within layouts/application (Duration: 89.2ms | Allocations: 7896)
[Webpacker] Everything's up-to-date. Nothing to do
  Rendered layout layouts/application.html.haml (Duration: 94.1ms | Allocations: 10727)
Completed 200 OK in 97ms (Views: 95.3ms | ActiveRecord: 0.0ms | Allocations: 11436)


Started GET "/movies/10" for 127.0.0.1 at 2021-08-21 13:35:46 +0700
Processing by MoviesController#show as HTML
  Parameters: {"id"=>"10"}
  [1m[36mMovie Load (3.2ms)[0m  [1m[34mSELECT "movies".* FROM "movies" WHERE "movies"."id" = ? LIMIT ?[0m  [["id", 10], ["LIMIT", 1]]
  ↳ app/controllers/movies_controller.rb:8:in `show'
  Rendering layout layouts/application.html.haml
  Rendering movies/show.html.haml within layouts/application
  Rendered movies/show.html.haml within layouts/application (Duration: 4.9ms | Allocations: 3305)
[Webpacker] Everything's up-to-date. Nothing to do
  Rendered layout layouts/application.html.haml (Duration: 10.5ms | Allocations: 6174)
Completed 200 OK in 24ms (Views: 11.8ms | ActiveRecord: 3.2ms | Allocations: 8884)


Started GET "/movies/10" for 127.0.0.1 at 2021-08-21 13:37:31 +0700
Processing by MoviesController#show as HTML
  Parameters: {"id"=>"10"}
  [1m[36mMovie Load (0.6ms)[0m  [1m[34mSELECT "movies".* FROM "movies" WHERE "movies"."id" = ? LIMIT ?[0m  [["id", 10], ["LIMIT", 1]]
  ↳ app/controllers/movies_controller.rb:8:in `show'
  Rendering layout layouts/application.html.haml
  Rendering movies/show.html.haml within layouts/application
  Rendered movies/show.html.haml within layouts/application (Duration: 4.5ms | Allocations: 2994)
[Webpacker] Everything's up-to-date. Nothing to do
  Rendered layout layouts/application.html.haml (Duration: 12.5ms | Allocations: 8711)
Completed 200 OK in 21ms (Views: 17.3ms | ActiveRecord: 0.6ms | Allocations: 10754)


